ď»żgit : remote: error: GH013: 
Repository rule violations 
found for refs/heads/main.     
   
At line:1 char:1
+ git push origin main 2>&1 | 
Out-File -Encoding utf8 
error.log
+ ~~~~~~~~~~~~~~~~~~~~~~~~~
    + CategoryInfo          :  
   NotSpecified: (remote: err  
  or: ...s/main.        :Str   
 ing) [], RemoteException
    + FullyQualifiedErrorId :  
   NativeCommandError
 
remote: 
remote: - GITHUB PUSH 
PROTECTION        
remote:   Ă”Ă‡Ă¶Ă”Ă‡Ă¶Ă”Ă‡Ă¶Ă”Ă‡Ă¶Ă”Ă‡Ă¶Ă”Ă‡Ă¶Ă”Ă‡Ă¶
Ă”Ă‡Ă¶Ă”Ă‡Ă¶Ă”Ă‡Ă¶Ă”Ă‡Ă¶Ă”Ă‡Ă¶Ă”Ă‡Ă¶Ă”Ă‡Ă¶Ă”Ă‡Ă¶Ă”Ă‡Ă¶Ă”Ă‡Ă¶Ă”
Ă‡Ă¶Ă”Ă‡Ă¶Ă”Ă‡Ă¶Ă”Ă‡Ă¶Ă”Ă‡Ă¶Ă”Ă‡Ă¶Ă”Ă‡Ă¶Ă”Ă‡Ă¶Ă”Ă‡Ă¶Ă”Ă‡Ă¶Ă”Ă‡
Ă¶Ă”Ă‡Ă¶Ă”Ă‡Ă¶Ă”Ă‡Ă¶Ă”Ă‡Ă¶Ă”Ă‡Ă¶Ă”Ă‡Ă¶Ă”Ă‡Ă¶Ă”Ă‡Ă¶Ă”Ă‡Ă¶Ă”Ă‡Ă¶
Ă”Ă‡Ă¶Ă”Ă‡Ă¶Ă”Ă‡Ă¶        
remote:     Resolve the 
following violations before 
pushing again        
remote: 
remote:     - Push cannot 
contain secrets        
remote: 
remote:             
remote:      (?) Learn how to 
resolve a blocked push        
remote:      https://docs.githu
b.com/code-security/secret-scan
ning/working-with-secret-scanni
ng-and-push-protection/working-
with-push-protection-from-the-c
ommand-line#resolving-a-blocked
-push        
remote:             
remote:             
remote:       Ă”Ă‡Ă¶Ă”Ă‡Ă¶ SendGrid 
API Key Ă”Ă‡Ă¶Ă”Ă‡Ă¶Ă”Ă‡Ă¶Ă”Ă‡Ă¶Ă”Ă‡Ă¶Ă”Ă‡Ă¶Ă”Ă‡Ă¶Ă”Ă‡
Ă¶Ă”Ă‡Ă¶Ă”Ă‡Ă¶Ă”Ă‡Ă¶Ă”Ă‡Ă¶Ă”Ă‡Ă¶Ă”Ă‡Ă¶Ă”Ă‡Ă¶Ă”Ă‡Ă¶Ă”Ă‡Ă¶Ă”Ă‡Ă¶
Ă”Ă‡Ă¶Ă”Ă‡Ă¶Ă”Ă‡Ă¶Ă”Ă‡Ă¶Ă”Ă‡Ă¶Ă”Ă‡Ă¶Ă”Ă‡Ă¶Ă”Ă‡Ă¶Ă”Ă‡Ă¶Ă”Ă‡Ă¶Ă”
Ă‡Ă¶Ă”Ă‡Ă¶Ă”Ă‡Ă¶Ă”Ă‡Ă¶Ă”Ă‡Ă¶Ă”Ă‡Ă¶        
remote:        locations:      
  
remote:          - commit: 737e
67bd94dc8abb8946bc5122d3ed9791e
04705        
remote:            path: 
.env.local:17        
remote:             
remote:        (?) To push, 
remove secret from commit(s) 
or follow this URL to allow 
the secret.        
remote:        https://github.c
om/agbacinema-lab/agba-cinema-w
ebsite/security/secret-scanning
/unblock-secret/3B9nBDOCxRyhH9a
51Xqhd2JmQIX        
remote:             
remote: 
remote: 
To github.com:agbacinema-lab/ag
ba-cinema-website.git
 ! [remote rejected] main -> 
main (push declined due to 
repository rule violations)
error: failed to push some 
refs to 'github.com:agbacinema-
lab/agba-cinema-website.git'
